<?xml version="1.0" encoding="utf-8"?><testsuites name="pytest tests"><testsuite name="pytest" errors="0" failures="1" skipped="0" tests="25" time="36.265" timestamp="2026-08-31T06:46:14.491341+00:00" hostname="agent-env-e17fdff7-fd77-46fd-8f34-9fe9ff0fa2fa"><testcase classname="tests.test_auth_bearer_and_cheque.TestBearerOnly" name="test_me_via_bearer" time="0.599" /><testcase classname="tests.test_auth_bearer_and_cheque.TestBearerOnly" name="test_dashboard_via_bearer" time="0.038" /><testcase classname="tests.test_auth_bearer_and_cheque.TestBearerOnly" name="test_snapshots_via_bearer" time="0.036" /><testcase classname="tests.test_auth_bearer_and_cheque.TestBearerOnly" name="test_officers_via_bearer" time="0.034" /><testcase classname="tests.test_auth_bearer_and_cheque.TestBearerOnly" name="test_reasons_via_bearer" time="0.051" /><testcase classname="tests.test_auth_bearer_and_cheque.TestBearerOnly" name="test_no_auth_returns_401" time="0.398" /><testcase classname="tests.test_auth_bearer_and_cheque.TestSortRegression" name="test_sort_returns_all_parties[outstanding_desc]" time="1.683" /><testcase classname="tests.test_auth_bearer_and_cheque.TestSortRegression" name="test_sort_returns_all_parties[outstanding_asc]" time="0.039" /><testcase classname="tests.test_auth_bearer_and_cheque.TestSortRegression" name="test_sort_returns_all_parties[code_asc]" time="0.035" /><testcase classname="tests.test_auth_bearer_and_cheque.TestAssignmentAndFollowUps" name="test_assignment_endpoint" time="0.756" /><testcase classname="tests.test_auth_bearer_and_cheque.TestSortRegression" name="test_sort_returns_all_parties[code_desc]" time="0.037" /><testcase classname="tests.test_auth_bearer_and_cheque.TestSortRegression" name="test_sort_returns_all_parties[name_asc]" time="0.038" /><testcase classname="tests.test_auth_bearer_and_cheque.TestSortRegression" name="test_sort_returns_all_parties[name_desc]" time="0.037" /><testcase classname="tests.test_auth_bearer_and_cheque.TestSortRegression" name="test_name_desc_uses_reverse" time="0.039" /><testcase classname="tests.test_auth_bearer_and_cheque.TestSortRegression" name="test_code_desc_empty_sink" time="0.036" /><testcase classname="tests.test_auth_bearer_and_cheque.TestAssignmentAndFollowUps" name="test_followup_creation_bearer[paid_full-payload_extra0]" time="0.081" /><testcase classname="tests.test_auth_bearer_and_cheque.TestLoginResponse" name="test_login_returns_access_token" time="0.337" /><testcase classname="tests.test_auth_bearer_and_cheque.TestAssignmentAndFollowUps" name="test_followup_creation_bearer[paid_partial-payload_extra1]" time="0.244" /><testcase classname="tests.test_auth_bearer_and_cheque.TestAssignmentAndFollowUps" name="test_followup_creation_bearer[not_paid-payload_extra2]" time="0.076" /><testcase classname="tests.test_auth_bearer_and_cheque.TestLoginResponse" name="test_login_wrong_password_401_no_token" time="0.302" /><testcase classname="tests.test_auth_bearer_and_cheque.TestAssignmentAndFollowUps" name="test_followup_creation_cookie" time="0.722" /><testcase classname="tests.test_auth_bearer_and_cheque.TestChequeFlow" name="test_cheque_upload_and_retrieve" time="33.081" /><testcase classname="tests.test_auth_bearer_and_cheque.TestCookieOnly" name="test_me_via_cookie" time="0.040" /><testcase classname="tests.test_auth_bearer_and_cheque.TestParserSanity" name="test_party_totals" time="0.001"><failure message="AssertionError: None&#10;assert (None)">backend/tests/test_auth_bearer_and_cheque.py:241: in test_party_totals
    assert cbc and abs(cbc["total_outstanding"] - 1577032) &lt; 5, cbc and cbc["total_outstanding"]
E   AssertionError: None
E   assert (None)</failure></testcase><testcase classname="tests.test_auth_bearer_and_cheque.TestChequeFlow" name="test_cheque_upload_rejects_non_image" time="0.072" /></testsuite></testsuites>