<?xml version="1.0" encoding="utf-8"?><testsuites name="pytest tests"><testsuite name="pytest" errors="0" failures="0" skipped="0" tests="21" time="4.367" timestamp="2026-08-20T16:30:53.677490+00:00" hostname="agent-env-e17fdff7-fd77-46fd-8f34-9fe9ff0fa2fa"><testcase classname="tests.test_sripati_api" name="test_login_sets_httponly_cookie_and_returns_user" time="0.782" /><testcase classname="tests.test_sripati_api" name="test_login_bad_password_returns_401" time="0.278" /><testcase classname="tests.test_sripati_api" name="test_reasons_returns_13_items" time="0.353" /><testcase classname="tests.test_sripati_api" name="test_upload_and_commit_snapshot" time="0.924" /><testcase classname="tests.test_sripati_api" name="test_upload_rejects_non_xlsx" time="0.040" /><testcase classname="tests.test_sripati_api" name="test_field_officer_forbidden_from_upload" time="0.355" /><testcase classname="tests.test_sripati_api" name="test_field_officer_forbidden_from_commit" time="0.077" /><testcase classname="tests.test_sripati_api" name="test_field_officer_forbidden_from_assignments" time="0.044" /><testcase classname="tests.test_sripati_api" name="test_snapshots_list_and_previous_deactivated" time="0.040" /><testcase classname="tests.test_sripati_api" name="test_parties_party_view_sorted_desc" time="0.052" /><testcase classname="tests.test_sripati_api" name="test_parties_master_view_aggregates" time="0.045" /><testcase classname="tests.test_sripati_api" name="test_field_officer_only_sees_assigned_parties" time="0.203" /><testcase classname="tests.test_sripati_api" name="test_field_officer_403_on_unassigned_party" time="0.041" /><testcase classname="tests.test_sripati_api" name="test_field_officer_can_open_assigned_party" time="0.039" /><testcase classname="tests.test_sripati_api" name="test_follow_up_paid_full" time="0.061" /><testcase classname="tests.test_sripati_api" name="test_follow_up_paid_partial_with_reason_other" time="0.081" /><testcase classname="tests.test_sripati_api" name="test_follow_up_not_paid_with_past_promise_creates_broken" time="0.086" /><testcase classname="tests.test_sripati_api" name="test_follow_ups_scoped_for_field_officer" time="0.036" /><testcase classname="tests.test_sripati_api" name="test_cheque_upload_and_serve" time="0.156" /><testcase classname="tests.test_sripati_api" name="test_owner_dashboard_metrics" time="0.043" /><testcase classname="tests.test_sripati_api" name="test_reports_owner_ok_field_forbidden" time="0.113" /></testsuite></testsuites>