<?xml version="1.0" encoding="utf-8"?><testsuites name="pytest tests"><testsuite name="pytest" errors="0" failures="0" skipped="0" tests="30" time="5.821" timestamp="2026-08-20T17:05:11.779629+00:00" hostname="agent-env-e17fdff7-fd77-46fd-8f34-9fe9ff0fa2fa"><testcase classname="tests.test_sripati_api" name="test_login_sets_httponly_cookie_and_returns_user" time="0.912" /><testcase classname="tests.test_parser_regression" name="test_party_count_and_grand_total" time="0.379" /><testcase classname="tests.test_parser_regression" name="test_jtex_india_totals_from_pty_tot" time="0.000" /><testcase classname="tests.test_parser_regression" name="test_lc_enterprise" time="0.000" /><testcase classname="tests.test_parser_regression" name="test_cb_creation" time="0.000" /><testcase classname="tests.test_parser_regression" name="test_kavya_processors" time="0.000" /><testcase classname="tests.test_parser_regression" name="test_roopam_creation" time="0.000" /><testcase classname="tests.test_parser_regression" name="test_all_parties_have_authoritative_flag" time="0.000" /><testcase classname="tests.test_parser_regression" name="test_jtex_15_07_2026_bill_clamped_to_zero" time="0.000" /><testcase classname="tests.test_parser_regression" name="test_no_negative_bill_os_anywhere" time="0.000" /><testcase classname="tests.test_sripati_api" name="test_login_bad_password_returns_401" time="0.324" /><testcase classname="tests.test_sripati_api" name="test_reasons_returns_13_items" time="0.349" /><testcase classname="tests.test_sripati_api" name="test_upload_and_commit_snapshot" time="0.894" /><testcase classname="tests.test_sripati_api" name="test_upload_rejects_non_xlsx" time="0.054" /><testcase classname="tests.test_sripati_api" name="test_field_officer_forbidden_from_upload" time="0.324" /><testcase classname="tests.test_sripati_api" name="test_field_officer_forbidden_from_commit" time="0.041" /><testcase classname="tests.test_sripati_api" name="test_field_officer_forbidden_from_assignments" time="0.078" /><testcase classname="tests.test_sripati_api" name="test_snapshots_list_and_previous_deactivated" time="0.053" /><testcase classname="tests.test_sripati_api" name="test_parties_party_view_sorted_desc" time="0.068" /><testcase classname="tests.test_sripati_api" name="test_parties_master_view_aggregates" time="0.067" /><testcase classname="tests.test_sripati_api" name="test_field_officer_only_sees_assigned_parties" time="0.247" /><testcase classname="tests.test_sripati_api" name="test_field_officer_403_on_unassigned_party" time="0.049" /><testcase classname="tests.test_sripati_api" name="test_field_officer_can_open_assigned_party" time="0.100" /><testcase classname="tests.test_sripati_api" name="test_follow_up_paid_full" time="0.045" /><testcase classname="tests.test_sripati_api" name="test_follow_up_paid_partial_with_reason_other" time="0.042" /><testcase classname="tests.test_sripati_api" name="test_follow_up_not_paid_with_past_promise_creates_broken" time="0.129" /><testcase classname="tests.test_sripati_api" name="test_follow_ups_scoped_for_field_officer" time="0.039" /><testcase classname="tests.test_sripati_api" name="test_cheque_upload_and_serve" time="0.345" /><testcase classname="tests.test_sripati_api" name="test_owner_dashboard_metrics" time="0.048" /><testcase classname="tests.test_sripati_api" name="test_reports_owner_ok_field_forbidden" time="0.085" /></testsuite></testsuites>